<?xml version="1.0" encoding="UTF-8"?>
<!-- Generated by org.testng.reporters.JUnitReportReporter -->
<testsuite hostname="DESKTOP-FAH3VGR" failures="0" tests="1" name="regression.ValidateLoginusingDataProviderExcel" time="19.850" errors="0" timestamp="2025-05-14T12:53:26 IST" skipped="0">
  <testcase classname="regression.ValidateLoginusingDataProviderExcel" name="validateLoginTest1" time="19.850"/>
  <system-out/>
</testsuite> <!-- regression.ValidateLoginusingDataProviderExcel -->
