<?xml version="1.0" encoding="UTF-8"?>
<!-- Generated by org.testng.reporters.JUnitReportReporter -->
<testsuite hostname="DESKTOP-FAH3VGR" failures="0" tests="4" name="regression.ValidateLoginusingDataProvider" time="75.286" errors="0" timestamp="2025-05-09T20:57:44 IST" skipped="0">
  <testcase classname="regression.ValidateLoginusingDataProvider" name="validateLogin" time="19.969"/>
  <system-out/>
  <testcase classname="regression.ValidateLoginusingDataProvider" name="validateLogin" time="18.174"/>
  <system-out/>
  <testcase classname="regression.ValidateLoginusingDataProvider" name="validateLogin" time="17.998"/>
  <system-out/>
  <testcase classname="regression.ValidateLoginusingDataProvider" name="validateLogin" time="19.145"/>
  <system-out/>
</testsuite> <!-- regression.ValidateLoginusingDataProvider -->
