<?xml version="1.0" encoding="UTF-8"?>
<!-- Generated by org.testng.reporters.JUnitReportReporter -->
<testsuite hostname="DESKTOP-FAH3VGR" failures="0" tests="1" name="smoke.ValidateRegistration" time="26.859" errors="0" timestamp="2025-05-15T13:47:16 IST" skipped="0">
  <testcase classname="smoke.ValidateRegistration" name="validateRegistrationTest" time="26.859"/>
  <system-out/>
</testsuite> <!-- smoke.ValidateRegistration -->
