<?xml version="1.0" encoding="UTF-8"?>
<!-- Generated by org.testng.reporters.JUnitReportReporter -->
<testsuite hostname="DESKTOP-FAH3VGR" failures="0" tests="4" name="regression.ValidateLogin" time="70.550" errors="0" timestamp="2025-05-09T20:04:07 IST" skipped="0">
  <testcase classname="regression.ValidateLogin" name="validateLoginTest1" time="17.812"/>
  <system-out/>
  <testcase classname="regression.ValidateLogin" name="validateLoginTest4" time="17.249"/>
  <system-out/>
  <testcase classname="regression.ValidateLogin" name="validateLoginTest3" time="17.430"/>
  <system-out/>
  <testcase classname="regression.ValidateLogin" name="validateLoginTest2" time="18.059"/>
  <system-out/>
</testsuite> <!-- regression.ValidateLogin -->
