<?xml version="1.0" encoding="UTF-8"?>
<!-- Generated by org.testng.reporters.JUnitReportReporter -->
<testsuite hostname="DESKTOP-FAH3VGR" failures="0" tests="1" name="smoke.ValidateLogin" time="20.987" errors="0" timestamp="2025-05-15T12:38:14 IST" skipped="0">
  <testcase classname="smoke.ValidateLogin" name="validateLoginTest" time="20.987"/>
  <system-out/>
</testsuite> <!-- smoke.ValidateLogin -->
