<?xml version="1.0" encoding="UTF-8"?>
<!-- Generated by org.testng.reporters.JUnitReportReporter -->
<testsuite hostname="DESKTOP-FAH3VGR" failures="0" tests="1" name="regression.AdactinHotelTC02" time="0.000" errors="0" timestamp="2025-05-14T13:13:55 IST" skipped="1">
  <testcase classname="regression.AdactinHotelTC02" name="validateLoginTest1" time="0.000">
    <skipped/>
  </testcase> <!-- validateLoginTest1 -->
  <system-out/>
</testsuite> <!-- regression.AdactinHotelTC02 -->
