<?xml version="1.0" encoding="UTF-8"?>
<!-- Generated by org.testng.reporters.JUnitReportReporter -->
<testsuite hostname="DESKTOP-FAH3VGR" failures="0" tests="1" name="smoke.ValidateRegistrationusindDataDriven" time="31.262" errors="0" timestamp="2025-05-15T14:10:04 IST" skipped="0">
  <testcase classname="smoke.ValidateRegistrationusindDataDriven" name="validateRegistrationTest" time="31.262"/>
  <system-out/>
</testsuite> <!-- smoke.ValidateRegistrationusindDataDriven -->
